Building DAG of jobs...
Using shell: /bin/bash
Provided cores: 1 (use --cores to define parallelism)
Rules claiming more threads will be scaled down.
Job stats:
job                     count
--------------------  -------
all                         1
data_acquisition            1
verify_data                 1
visualization_export        1
total                       4

Select jobs to execute...
Execute 1 jobs...

[Tue Apr 30 21:14:30 2024]
localrule visualization_export:
    output: Visualization Results/image_1.png, Visualization Results/image_2.png, Visualization Results/image_3.png, Visualization Results/image_4.png, Visualization Results/image_5.png, Visualization Results/image_6.png, Visualization Results/image_7.png
    jobid: 1
    reason: Missing output files: Visualization Results/image_3.png, Visualization Results/image_5.png, Visualization Results/image_4.png, Visualization Results/image_6.png, Visualization Results/image_2.png, Visualization Results/image_1.png, Visualization Results/image_7.png
    resources: tmpdir=/var/folders/y8/mtn39rf91g31yxhft418hdd40000gn/T

[Tue Apr 30 21:14:38 2024]
Finished job 1.
1 of 4 steps (25%) done
Select jobs to execute...
Execute 1 jobs...

[Tue Apr 30 21:14:38 2024]
localrule data_acquisition:
    output: data/WineDataset.csv, data/WineDataset.csv.sha, data/winemag-data_first150k.csv, data/winemag-data_first150k.csv.sha, data/winemag-data-130k-v2.csv, data/winemag-data-130k-v2.csv.sha, data/winemag-data-130k-v2.json, data/winemag-data-130k-v2.json.sha
    jobid: 2
    reason: Missing output files: data/winemag-data-130k-v2.csv, data/winemag-data-130k-v2.json, data/winemag-data-130k-v2.csv.sha, data/WineDataset.csv.sha, data/winemag-data_first150k.csv.sha, data/winemag-data-130k-v2.json.sha, data/WineDataset.csv, data/winemag-data_first150k.csv
    resources: tmpdir=/var/folders/y8/mtn39rf91g31yxhft418hdd40000gn/T

[Tue Apr 30 21:14:53 2024]
Finished job 2.
2 of 4 steps (50%) done
Select jobs to execute...
Execute 1 jobs...

[Tue Apr 30 21:14:53 2024]
localrule verify_data:
    input: data/WineDataset.csv, data/WineDataset.csv.sha, data/winemag-data_first150k.csv, data/winemag-data_first150k.csv.sha, data/winemag-data-130k-v2.csv, data/winemag-data-130k-v2.csv.sha, data/winemag-data-130k-v2.json, data/winemag-data-130k-v2.json.sha
    output: verification_done.txt
    jobid: 3
    reason: Missing output files: verification_done.txt; Input files updated by another job: data/winemag-data-130k-v2.csv, data/winemag-data-130k-v2.json, data/winemag-data-130k-v2.csv.sha, data/WineDataset.csv.sha, data/winemag-data_first150k.csv.sha, data/winemag-data-130k-v2.json.sha, data/WineDataset.csv, data/winemag-data_first150k.csv
    resources: tmpdir=/var/folders/y8/mtn39rf91g31yxhft418hdd40000gn/T

RuleException in rule verify_data in file /Users/danielchoi/Desktop/IS477 project/is477-sp24-Choi_Oh/Snakefile, line 31:
AttributeError: 'InputFiles' object has no attribute 'data_csv', when formatting the following:

        python verify_data.py {input.data_csv} {input.data_csv_sha}
        python verify_data.py {input.data_first150k_csv} {input.data_first150k_csv_sha}
        python verify_data.py {input.data_130kv2_csv} {input.data_130kv2_csv_sha}
        python verify_data.py {input.data_130kv2_json} {input.data_130kv2_json_sha}
        
