Building DAG of jobs...
Using shell: /bin/bash
Provided cores: 1 (use --cores to define parallelism)
Rules claiming more threads will be scaled down.
Job stats:
job                     count
--------------------  -------
all                         1
data_acquisition            1
visualization_export        1
total                       3

Select jobs to execute...
Execute 1 jobs...

[Tue Apr 30 16:57:18 2024]
localrule visualization_export:
    output: Visualization Results/image_1.png, Visualization Results/image_2.png, Visualization Results/image_3.png, Visualization Results/image_4.png, Visualization Results/image_5.png, Visualization Results/image_6.png
    jobid: 1
    reason: Missing output files: Visualization Results/image_1.png, Visualization Results/image_2.png, Visualization Results/image_5.png, Visualization Results/image_3.png, Visualization Results/image_6.png, Visualization Results/image_4.png
    resources: tmpdir=/var/folders/y8/mtn39rf91g31yxhft418hdd40000gn/T

[Tue Apr 30 16:57:26 2024]
Finished job 1.
1 of 3 steps (33%) done
Select jobs to execute...
Execute 1 jobs...

[Tue Apr 30 16:57:26 2024]
localrule data_acquisition:
    output: data/WineDataset.csv, data/WineDataset.csv.sha, data/winemag-data_first150k.csv, data/winemag-data_first150k.csv.sha, data/winemag-data-130k-v2.csv, data/winemag-data-130k-v2.csv.sha, data/winemag-data-130k-v2.json, data/winemag-data-130k-v2.json.sha
    jobid: 2
    reason: Missing output files: data/winemag-data-130k-v2.json, data/WineDataset.csv, data/WineDataset.csv.sha, data/winemag-data-130k-v2.csv.sha, data/winemag-data_first150k.csv.sha, data/winemag-data-130k-v2.csv, data/winemag-data_first150k.csv, data/winemag-data-130k-v2.json.sha
    resources: tmpdir=/var/folders/y8/mtn39rf91g31yxhft418hdd40000gn/T

[Tue Apr 30 16:57:43 2024]
Finished job 2.
2 of 3 steps (67%) done
Select jobs to execute...
Execute 1 jobs...

[Tue Apr 30 16:57:43 2024]
localrule all:
    input: Visualization Results/image_1.png, Visualization Results/image_2.png, Visualization Results/image_3.png, Visualization Results/image_4.png, Visualization Results/image_5.png, Visualization Results/image_6.png, data/WineDataset.csv, data/WineDataset.csv.sha, data/winemag-data_first150k.csv, data/winemag-data_first150k.csv.sha, data/winemag-data-130k-v2.csv, data/winemag-data-130k-v2.csv.sha, data/winemag-data-130k-v2.json, data/winemag-data-130k-v2.json.sha
    jobid: 0
    reason: Input files updated by another job: data/winemag-data-130k-v2.json, Visualization Results/image_1.png, Visualization Results/image_2.png, data/WineDataset.csv, data/WineDataset.csv.sha, Visualization Results/image_5.png, Visualization Results/image_3.png, data/winemag-data_first150k.csv, data/winemag-data-130k-v2.json.sha, Visualization Results/image_4.png, data/winemag-data-130k-v2.csv.sha, data/winemag-data_first150k.csv.sha, data/winemag-data-130k-v2.csv, Visualization Results/image_6.png
    resources: tmpdir=/var/folders/y8/mtn39rf91g31yxhft418hdd40000gn/T

[Tue Apr 30 16:57:43 2024]
Finished job 0.
3 of 3 steps (100%) done
Complete log: .snakemake/log/2024-04-30T165718.608269.snakemake.log
