Building DAG of jobs...
Using shell: /bin/bash
Provided cores: 1 (use --cores to define parallelism)
Rules claiming more threads will be scaled down.
Job stats:
job                     count
--------------------  -------
all                         1
visualization_export        1
total                       2

Select jobs to execute...
Execute 1 jobs...

[Tue Apr 30 00:48:21 2024]
localrule visualization_export:
    output: Visualization Results/image_1.png, Visualization Results/image_2.png, Visualization Results/image_3.png, Visualization Results/image_4.png, Visualization Results/image_5.png, Visualization Results/image_6.png
    jobid: 1
    reason: Missing output files: Visualization Results/image_5.png, Visualization Results/image_6.png, Visualization Results/image_2.png, Visualization Results/image_3.png, Visualization Results/image_4.png, Visualization Results/image_1.png
    resources: tmpdir=/var/folders/y8/mtn39rf91g31yxhft418hdd40000gn/T

[Tue Apr 30 00:48:31 2024]
Finished job 1.
1 of 2 steps (50%) done
Select jobs to execute...
Execute 1 jobs...

[Tue Apr 30 00:48:31 2024]
localrule all:
    input: Visualization Results/image_1.png, Visualization Results/image_2.png, Visualization Results/image_3.png, Visualization Results/image_4.png, Visualization Results/image_5.png, Visualization Results/image_6.png
    jobid: 0
    reason: Input files updated by another job: Visualization Results/image_5.png, Visualization Results/image_6.png, Visualization Results/image_2.png, Visualization Results/image_3.png, Visualization Results/image_4.png, Visualization Results/image_1.png
    resources: tmpdir=/var/folders/y8/mtn39rf91g31yxhft418hdd40000gn/T

[Tue Apr 30 00:48:31 2024]
Finished job 0.
2 of 2 steps (100%) done
Complete log: .snakemake/log/2024-04-30T004821.957840.snakemake.log
