Building DAG of jobs...
Using shell: /bin/bash
Provided cores: 1 (use --cores to define parallelism)
Rules claiming more threads will be scaled down.
Job stats:
job                     count
--------------------  -------
all                         1
data_acquisition            1
verify_data                 1
visualization_export        1
total                       4

Select jobs to execute...
Execute 1 jobs...

[Tue Apr 30 22:28:10 2024]
localrule visualization_export:
    output: Visualization Results/image_1.png, Visualization Results/image_2.png, Visualization Results/image_3.png, Visualization Results/image_4.png, Visualization Results/image_5.png, Visualization Results/image_6.png, Visualization Results/image_7.png
    jobid: 1
    reason: Missing output files: Visualization Results/image_7.png, Visualization Results/image_1.png, Visualization Results/image_2.png, Visualization Results/image_3.png, Visualization Results/image_4.png, Visualization Results/image_6.png, Visualization Results/image_5.png
    resources: tmpdir=/var/folders/y8/mtn39rf91g31yxhft418hdd40000gn/T

[Tue Apr 30 22:28:15 2024]
Finished job 1.
1 of 4 steps (25%) done
Select jobs to execute...
Execute 1 jobs...

[Tue Apr 30 22:28:15 2024]
localrule data_acquisition:
    output: data/WineDataset.csv, data/WineDataset.csv.sha, data/winemag-data_first150k.csv, data/winemag-data_first150k.csv.sha, data/winemag-data-130k-v2.csv, data/winemag-data-130k-v2.csv.sha, data/winemag-data-130k-v2.json, data/winemag-data-130k-v2.json.sha
    jobid: 2
    reason: Missing output files: data/winemag-data_first150k.csv, data/winemag-data-130k-v2.csv, data/WineDataset.csv, data/winemag-data_first150k.csv.sha, data/winemag-data-130k-v2.csv.sha, data/winemag-data-130k-v2.json.sha, data/winemag-data-130k-v2.json, data/WineDataset.csv.sha
    resources: tmpdir=/var/folders/y8/mtn39rf91g31yxhft418hdd40000gn/T

[Tue Apr 30 22:28:30 2024]
Finished job 2.
2 of 4 steps (50%) done
Select jobs to execute...
Execute 1 jobs...

[Tue Apr 30 22:28:30 2024]
localrule verify_data:
    input: data/WineDataset.csv, data/WineDataset.csv.sha, data/winemag-data_first150k.csv, data/winemag-data_first150k.csv.sha, data/winemag-data-130k-v2.csv, data/winemag-data-130k-v2.csv.sha, data/winemag-data-130k-v2.json, data/winemag-data-130k-v2.json.sha
    output: verification_done.txt
    jobid: 3
    reason: Missing output files: verification_done.txt; Input files updated by another job: data/winemag-data_first150k.csv, data/winemag-data-130k-v2.csv, data/WineDataset.csv, data/winemag-data_first150k.csv.sha, data/winemag-data-130k-v2.csv.sha, data/winemag-data-130k-v2.json.sha, data/winemag-data-130k-v2.json, data/WineDataset.csv.sha
    resources: tmpdir=/var/folders/y8/mtn39rf91g31yxhft418hdd40000gn/T

Touching output file verification_done.txt.
[Tue Apr 30 22:28:32 2024]
Finished job 3.
3 of 4 steps (75%) done
Select jobs to execute...
Execute 1 jobs...

[Tue Apr 30 22:28:32 2024]
localrule all:
    input: Visualization Results/image_1.png, Visualization Results/image_2.png, Visualization Results/image_3.png, Visualization Results/image_4.png, Visualization Results/image_5.png, Visualization Results/image_6.png, Visualization Results/image_7.png, data/WineDataset.csv, data/WineDataset.csv.sha, data/winemag-data_first150k.csv, data/winemag-data_first150k.csv.sha, data/winemag-data-130k-v2.csv, data/winemag-data-130k-v2.csv.sha, data/winemag-data-130k-v2.json, data/winemag-data-130k-v2.json.sha, verification_done.txt
    jobid: 0
    reason: Input files updated by another job: data/WineDataset.csv, Visualization Results/image_1.png, Visualization Results/image_3.png, data/winemag-data_first150k.csv.sha, Visualization Results/image_6.png, data/WineDataset.csv.sha, Visualization Results/image_5.png, data/winemag-data_first150k.csv, data/winemag-data-130k-v2.csv, Visualization Results/image_7.png, Visualization Results/image_2.png, data/winemag-data-130k-v2.csv.sha, data/winemag-data-130k-v2.json.sha, Visualization Results/image_4.png, data/winemag-data-130k-v2.json, verification_done.txt
    resources: tmpdir=/var/folders/y8/mtn39rf91g31yxhft418hdd40000gn/T

[Tue Apr 30 22:28:32 2024]
Finished job 0.
4 of 4 steps (100%) done
Complete log: .snakemake/log/2024-04-30T222810.177545.snakemake.log
